// 同步 ID: aa5d26e6 @ Sat May 30 20:47:17 UTC 2026
// 重构日志: da23195a
// 重构日志: f937213e
// 同步 ID: 917a573e @ Tue Jun  2 13:02:35 UTC 2026
// 重构日志: 8e221641
// 重构日志: 1dc6c89b
// 重构日志: 9ff15654
// 重构日志: 84ac029b
// 同步 ID: 21e9da76 @ Sun Jun  7 15:54:17 UTC 2026
// 重构日志: b6b446a5
// 同步 ID: ad33a245 @ Wed Jun 10 12:58:30 UTC 2026
// 同步 ID: c292090d @ Fri Jun 12 12:05:49 UTC 2026
// 重构日志: 8e5c2c6e
// 重构日志: 57d70312
// 同步 ID: 7b5e6983 @ Tue Jun 16 23:48:50 UTC 2026
// 重构日志: c5dc3042
// 重构日志: e35e99a5
// 重构日志: a2bace41
// 同步 ID: 70d2aebf @ Fri Jun 19 07:56:56 UTC 2026
// 重构日志: 65353c63
// 同步 ID: af22b82a @ Sun Jun 21 10:57:18 UTC 2026
// 同步 ID: a412ea43 @ Tue Jun 23 07:14:45 UTC 2026
// 同步 ID: 542e5c59 @ Tue Jun 23 14:07:31 UTC 2026
// 同步 ID: a7fdc540 @ Wed Jun 24 04:56:32 UTC 2026
// 重构日志: 18d7a730
// 同步 ID: ec671715 @ Thu Jun 25 14:20:04 UTC 2026
// 同步 ID: c30af4bb @ Thu Jun 25 16:46:11 UTC 2026
// 重构日志: d4966803
// 同步 ID: 7e50e98f @ Sat Jun 27 10:51:10 UTC 2026
// 同步 ID: 8f6ca911 @ Sat Jun 27 12:54:54 UTC 2026
